Arguments: 
  /Users/jaz/.nvm/versions/node/v13.1.0/bin/node /usr/local/Cellar/yarn/1.22.5/libexec/bin/yarn.js start

PATH: 
  /Users/jaz/.pyenv/shims:/Users/jaz/.pyenv/bin:/Users/jaz/.nvm/versions/node/v13.1.0/bin:/usr/local/bin:/usr/bin:/bin:/usr/sbin:/sbin:/usr/local/go/bin:/opt/X11/bin:/usr/local/go/bin:/Users/jaz/go/bin:MONGO_PATH/bin

Yarn version: 
  1.22.5

Node version: 
  13.1.0

Platform: 
  darwin x64

Trace: 
  SyntaxError: /Users/jaz/Project/project_rich/frontend/package.json: Unexpected token / in JSON at position 101
      at JSON.parse (<anonymous>)
      at /usr/local/Cellar/yarn/1.22.5/libexec/lib/cli.js:1625:59
      at Generator.next (<anonymous>)
      at step (/usr/local/Cellar/yarn/1.22.5/libexec/lib/cli.js:310:30)
      at /usr/local/Cellar/yarn/1.22.5/libexec/lib/cli.js:321:13

npm manifest: 
  {
    "name": "react-app",
    "version": "0.1.0",
    "private": true,
    "proxy":"http://localhost:8000", // 나중에 서버로 프록시 호출
    "dependencies": {
      "@testing-library/jest-dom": "^4.2.4",
      "@testing-library/react": "^9.5.0",
      "@testing-library/user-event": "^7.2.1",
      "react": "^16.13.1",
      "react-dom": "^16.13.1",
      "react-scripts": "3.4.3"
    },
    "scripts": {
      "start": "react-scripts start",
      "build": "react-scripts build",
      "test": "react-scripts test",
      "eject": "react-scripts eject"
    },
    "eslintConfig": {
      "extends": "react-app"
    },
    "browserslist": {
      "production": [
        ">0.2%",
        "not dead",
        "not op_mini all"
      ],
      "development": [
        "last 1 chrome version",
        "last 1 firefox version",
        "last 1 safari version"
      ]
    }
  }

yarn manifest: 
  No manifest

Lockfile: 
  No lockfile
